build/app/intermediates/manifest_merge_blame_file/release/manifest-merger-blame-release-report.txt
1<?xml version="1.0" encoding="utf-8"?>
2<manifest xmlns:android="http://schemas.android.com/apk/res/android"
3    package="com.mycompany.medhealth"
4    android:versionCode="1"
5    android:versionName="1.0.0" >
6
7    <uses-sdk
8        android:minSdkVersion="21"
8-->src\main\AndroidManifest.xml
9        android:targetSdkVersion="33" />
9-->src\main\AndroidManifest.xml
10
11    <uses-permission android:name="android.permission.INTERNET" />
11-->src\main\AndroidManifest.xml:4:5-66
11-->src\main\AndroidManifest.xml:4:22-64
12    <uses-permission android:name="android.permission.CAMERA" />
12-->src\main\AndroidManifest.xml:5:5-64
12-->src\main\AndroidManifest.xml:5:22-62
13    <uses-permission
13-->src\main\AndroidManifest.xml:6:5-80
14        android:name="android.permission.READ_EXTERNAL_STORAGE"
14-->src\main\AndroidManifest.xml:6:22-77
15        android:maxSdkVersion="32" />
15-->[:file_picker] AndroidManifest.xml:11:9-35
16    <uses-permission android:name="android.permission.WRITE_EXTERNAL_STORAGE" />
16-->src\main\AndroidManifest.xml:7:5-81
16-->src\main\AndroidManifest.xml:7:22-78
17    <uses-permission android:name="android.permission.POST_NOTIFICATIONS" />
17-->src\main\AndroidManifest.xml:8:5-76
17-->src\main\AndroidManifest.xml:8:22-74
18    <uses-permission android:name="android.permission.WAKE_LOCK" />
18-->[:firebase_messaging] AndroidManifest.xml:10:5-68
18-->[:firebase_messaging] AndroidManifest.xml:10:22-65
19    <uses-permission android:name="android.permission.ACCESS_NETWORK_STATE" />
19-->[:firebase_messaging] AndroidManifest.xml:11:5-79
19-->[:firebase_messaging] AndroidManifest.xml:11:22-76
20
21    <queries>
21-->[:file_picker] AndroidManifest.xml:13:5-19:15
22        <intent>
22-->[:file_picker] AndroidManifest.xml:14:9-18:18
23            <action android:name="android.intent.action.GET_CONTENT" />
23-->[:file_picker] AndroidManifest.xml:15:13-72
23-->[:file_picker] AndroidManifest.xml:15:21-69
24
25            <data android:mimeType="*/*" />
25-->src\main\AndroidManifest.xml:50:17-73
26        </intent>
27    </queries>
28
29    <uses-permission android:name="android.permission.RECEIVE_BOOT_COMPLETED" />
29-->[:flutter_local_notifications] AndroidManifest.xml:9:5-81
29-->[:flutter_local_notifications] AndroidManifest.xml:9:22-78
30    <uses-permission android:name="android.permission.VIBRATE" />
30-->[:flutter_local_notifications] AndroidManifest.xml:10:5-66
30-->[:flutter_local_notifications] AndroidManifest.xml:10:22-63
31    <uses-permission android:name="android.permission.USE_FULL_SCREEN_INTENT" />
31-->[:flutter_local_notifications] AndroidManifest.xml:11:5-81
31-->[:flutter_local_notifications] AndroidManifest.xml:11:22-78
32    <uses-permission android:name="android.permission.SCHEDULE_EXACT_ALARM" /> <!-- Required by older versions of Google Play services to create IID tokens -->
32-->[:flutter_local_notifications] AndroidManifest.xml:12:5-79
32-->[:flutter_local_notifications] AndroidManifest.xml:12:22-76
33    <uses-permission android:name="com.google.android.c2dm.permission.RECEIVE" />
33-->[com.google.firebase:firebase-messaging:23.3.1] AndroidManifest.xml:26:5-82
33-->[com.google.firebase:firebase-messaging:23.3.1] AndroidManifest.xml:26:22-79
34
35    <permission
35-->[androidx.core:core:1.10.1] AndroidManifest.xml:22:5-24:47
36        android:name="com.mycompany.medhealth.DYNAMIC_RECEIVER_NOT_EXPORTED_PERMISSION"
36-->[androidx.core:core:1.10.1] AndroidManifest.xml:23:9-81
37        android:protectionLevel="signature" />
37-->[androidx.core:core:1.10.1] AndroidManifest.xml:24:9-44
38
39    <uses-permission android:name="com.mycompany.medhealth.DYNAMIC_RECEIVER_NOT_EXPORTED_PERMISSION" />
39-->[androidx.core:core:1.10.1] AndroidManifest.xml:26:5-97
39-->[androidx.core:core:1.10.1] AndroidManifest.xml:26:22-94
40
41    <application
41-->src\main\AndroidManifest.xml:9:5-63:19
42        android:appComponentFactory="androidx.core.app.CoreComponentFactory"
42-->[androidx.core:core:1.10.1] AndroidManifest.xml:28:18-86
43        android:icon="@mipmap/ic_launcher"
43-->src\main\AndroidManifest.xml:12:9-43
44        android:label="MED health"
44-->src\main\AndroidManifest.xml:10:9-35
45        android:requestLegacyExternalStorage="true" >
45-->src\main\AndroidManifest.xml:13:9-52
46        <activity
46-->src\main\AndroidManifest.xml:15:9-53:20
47            android:name="com.mycompany.medhealth.MainActivity"
47-->src\main\AndroidManifest.xml:16:13-41
48            android:configChanges="orientation|keyboardHidden|keyboard|screenSize|smallestScreenSize|locale|layoutDirection|fontScale|screenLayout|density|uiMode"
48-->src\main\AndroidManifest.xml:20:13-163
49            android:exported="true"
49-->src\main\AndroidManifest.xml:17:13-36
50            android:hardwareAccelerated="true"
50-->src\main\AndroidManifest.xml:21:13-47
51            android:launchMode="singleTop"
51-->src\main\AndroidManifest.xml:18:13-43
52            android:theme="@style/LaunchTheme"
52-->src\main\AndroidManifest.xml:19:13-47
53            android:windowSoftInputMode="adjustResize" >
53-->src\main\AndroidManifest.xml:22:13-55
54
55            <!--
56                 Specifies an Android theme to apply to this Activity as soon as
57                 the Android process has started. This theme is visible to the user
58                 while the Flutter UI initializes. After that, this theme continues
59                 to determine the Window background behind the Flutter UI.
60            -->
61            <meta-data
61-->src\main\AndroidManifest.xml:27:13-30:17
62                android:name="io.flutter.embedding.android.NormalTheme"
62-->src\main\AndroidManifest.xml:28:15-70
63                android:resource="@style/NormalTheme" />
63-->src\main\AndroidManifest.xml:29:15-52
64            <!--
65                 Displays an Android View that continues showing the launch screen
66                 Drawable until Flutter paints its first frame, then this splash
67                 screen fades out. A splash screen is useful to avoid any visual
68                 gap between the end of Android's launch screen and the painting of
69                 Flutter's first frame.
70            -->
71            <meta-data
71-->src\main\AndroidManifest.xml:36:13-39:17
72                android:name="io.flutter.embedding.android.SplashScreenDrawable"
72-->src\main\AndroidManifest.xml:37:15-79
73                android:resource="@drawable/launch_background" />
73-->src\main\AndroidManifest.xml:38:15-61
74
75            <intent-filter>
75-->src\main\AndroidManifest.xml:40:13-43:29
76                <action android:name="android.intent.action.MAIN" />
76-->src\main\AndroidManifest.xml:41:17-68
76-->src\main\AndroidManifest.xml:41:25-66
77
78                <category android:name="android.intent.category.LAUNCHER" />
78-->src\main\AndroidManifest.xml:42:17-76
78-->src\main\AndroidManifest.xml:42:27-74
79            </intent-filter>
80            <!-- Deep linking -->
81            <meta-data
81-->src\main\AndroidManifest.xml:45:13-90
82                android:name="flutter_deeplinking_enabled"
82-->src\main\AndroidManifest.xml:45:24-66
83                android:value="true" />
83-->src\main\AndroidManifest.xml:45:67-87
84
85            <intent-filter android:autoVerify="true" >
85-->src\main\AndroidManifest.xml:46:13-51:29
85-->src\main\AndroidManifest.xml:46:28-53
86                <action android:name="android.intent.action.VIEW" />
86-->src\main\AndroidManifest.xml:47:17-69
86-->src\main\AndroidManifest.xml:47:25-66
87
88                <category android:name="android.intent.category.DEFAULT" />
88-->src\main\AndroidManifest.xml:48:17-76
88-->src\main\AndroidManifest.xml:48:27-73
89                <category android:name="android.intent.category.BROWSABLE" />
89-->src\main\AndroidManifest.xml:49:17-78
89-->src\main\AndroidManifest.xml:49:27-75
90
91                <data
91-->src\main\AndroidManifest.xml:50:17-73
92                    android:host="popup.com"
92-->src\main\AndroidManifest.xml:50:46-70
93                    android:scheme="popup" />
93-->src\main\AndroidManifest.xml:50:23-45
94            </intent-filter>
95        </activity>
96
97        <!--
98             Don't delete the meta-data below.
99             This is used by the Flutter tool to generate GeneratedPluginRegistrant.java
100        -->
101        <meta-data
101-->src\main\AndroidManifest.xml:57:9-59:33
102            android:name="flutterEmbedding"
102-->src\main\AndroidManifest.xml:58:13-44
103            android:value="2" />
103-->src\main\AndroidManifest.xml:59:13-30
104
105        <service
105-->[:firebase_performance] AndroidManifest.xml:12:9-16:19
106            android:name="com.google.firebase.components.ComponentDiscoveryService"
106-->[:firebase_performance] AndroidManifest.xml:12:18-89
107            android:directBootAware="true"
107-->[com.google.firebase:firebase-common:20.4.2] AndroidManifest.xml:32:13-43
108            android:exported="false" >
108-->[com.google.firebase:firebase-perf:20.5.1] AndroidManifest.xml:13:13-37
109            <meta-data
109-->[:firebase_performance] AndroidManifest.xml:13:13-15:85
110                android:name="com.google.firebase.components:io.flutter.plugins.firebase.performance.FlutterFirebaseAppRegistrar"
110-->[:firebase_performance] AndroidManifest.xml:14:17-130
111                android:value="com.google.firebase.components.ComponentRegistrar" />
111-->[:firebase_performance] AndroidManifest.xml:15:17-82
112            <meta-data
112-->[:cloud_firestore] AndroidManifest.xml:11:13-13:85
113                android:name="com.google.firebase.components:io.flutter.plugins.firebase.firestore.FlutterFirebaseFirestoreRegistrar"
113-->[:cloud_firestore] AndroidManifest.xml:12:17-134
114                android:value="com.google.firebase.components.ComponentRegistrar" />
114-->[:cloud_firestore] AndroidManifest.xml:13:17-82
115            <meta-data
115-->[:cloud_functions] AndroidManifest.xml:11:13-13:85
116                android:name="com.google.firebase.components:io.flutter.plugins.firebase.functions.FlutterFirebaseAppRegistrar"
116-->[:cloud_functions] AndroidManifest.xml:12:17-128
117                android:value="com.google.firebase.components.ComponentRegistrar" />
117-->[:cloud_functions] AndroidManifest.xml:13:17-82
118            <meta-data
118-->[:firebase_auth] AndroidManifest.xml:11:13-13:85
119                android:name="com.google.firebase.components:io.flutter.plugins.firebase.auth.FlutterFirebaseAuthRegistrar"
119-->[:firebase_auth] AndroidManifest.xml:12:17-124
120                android:value="com.google.firebase.components.ComponentRegistrar" />
120-->[:firebase_auth] AndroidManifest.xml:13:17-82
121            <meta-data
121-->[:firebase_storage] AndroidManifest.xml:11:13-13:85
122                android:name="com.google.firebase.components:io.flutter.plugins.firebase.storage.FlutterFirebaseAppRegistrar"
122-->[:firebase_storage] AndroidManifest.xml:12:17-126
123                android:value="com.google.firebase.components.ComponentRegistrar" />
123-->[:firebase_storage] AndroidManifest.xml:13:17-82
124            <meta-data
124-->[:firebase_messaging] AndroidManifest.xml:38:13-40:85
125                android:name="com.google.firebase.components:io.flutter.plugins.firebase.messaging.FlutterFirebaseAppRegistrar"
125-->[:firebase_messaging] AndroidManifest.xml:39:17-128
126                android:value="com.google.firebase.components.ComponentRegistrar" />
126-->[:firebase_messaging] AndroidManifest.xml:40:17-82
127            <meta-data
127-->[:firebase_core] AndroidManifest.xml:11:13-13:85
128                android:name="com.google.firebase.components:io.flutter.plugins.firebase.core.FlutterFirebaseCoreRegistrar"
128-->[:firebase_core] AndroidManifest.xml:12:17-124
129                android:value="com.google.firebase.components.ComponentRegistrar" />
129-->[:firebase_core] AndroidManifest.xml:13:17-82
130            <meta-data
130-->[com.google.firebase:firebase-perf:20.5.1] AndroidManifest.xml:14:13-16:85
131                android:name="com.google.firebase.components:com.google.firebase.perf.FirebasePerfKtxRegistrar"
131-->[com.google.firebase:firebase-perf:20.5.1] AndroidManifest.xml:15:17-112
132                android:value="com.google.firebase.components.ComponentRegistrar" />
132-->[com.google.firebase:firebase-perf:20.5.1] AndroidManifest.xml:16:17-82
133            <meta-data
133-->[com.google.firebase:firebase-perf:20.5.1] AndroidManifest.xml:17:13-19:85
134                android:name="com.google.firebase.components:com.google.firebase.perf.FirebasePerfRegistrar"
134-->[com.google.firebase:firebase-perf:20.5.1] AndroidManifest.xml:18:17-109
135                android:value="com.google.firebase.components.ComponentRegistrar" />
135-->[com.google.firebase:firebase-perf:20.5.1] AndroidManifest.xml:19:17-82
136            <meta-data
136-->[com.google.firebase:firebase-sessions:1.2.0] AndroidManifest.xml:29:13-31:85
137                android:name="com.google.firebase.components:com.google.firebase.sessions.FirebaseSessionsRegistrar"
137-->[com.google.firebase:firebase-sessions:1.2.0] AndroidManifest.xml:30:17-117
138                android:value="com.google.firebase.components.ComponentRegistrar" />
138-->[com.google.firebase:firebase-sessions:1.2.0] AndroidManifest.xml:31:17-82
139            <meta-data
139-->[com.google.firebase:firebase-functions:20.4.0] AndroidManifest.xml:15:13-17:85
140                android:name="com.google.firebase.components:com.google.firebase.functions.FirebaseFunctionsKtxRegistrar"
140-->[com.google.firebase:firebase-functions:20.4.0] AndroidManifest.xml:16:17-122
141                android:value="com.google.firebase.components.ComponentRegistrar" />
141-->[com.google.firebase:firebase-functions:20.4.0] AndroidManifest.xml:17:17-82
142            <meta-data
142-->[com.google.firebase:firebase-functions:20.4.0] AndroidManifest.xml:18:13-20:85
143                android:name="com.google.firebase.components:com.google.firebase.functions.FunctionsRegistrar"
143-->[com.google.firebase:firebase-functions:20.4.0] AndroidManifest.xml:19:17-111
144                android:value="com.google.firebase.components.ComponentRegistrar" />
144-->[com.google.firebase:firebase-functions:20.4.0] AndroidManifest.xml:20:17-82
145            <meta-data
145-->[com.google.firebase:firebase-auth:22.3.0] AndroidManifest.xml:69:13-71:85
146                android:name="com.google.firebase.components:com.google.firebase.auth.FirebaseAuthRegistrar"
146-->[com.google.firebase:firebase-auth:22.3.0] AndroidManifest.xml:70:17-109
147                android:value="com.google.firebase.components.ComponentRegistrar" />
147-->[com.google.firebase:firebase-auth:22.3.0] AndroidManifest.xml:71:17-82
148            <meta-data
148-->[com.google.firebase:firebase-firestore:24.9.1] AndroidManifest.xml:17:13-19:85
149                android:name="com.google.firebase.components:com.google.firebase.firestore.FirebaseFirestoreKtxRegistrar"
149-->[com.google.firebase:firebase-firestore:24.9.1] AndroidManifest.xml:18:17-122
150                android:value="com.google.firebase.components.ComponentRegistrar" />
150-->[com.google.firebase:firebase-firestore:24.9.1] AndroidManifest.xml:19:17-82
151            <meta-data
151-->[com.google.firebase:firebase-firestore:24.9.1] AndroidManifest.xml:20:13-22:85
152                android:name="com.google.firebase.components:com.google.firebase.firestore.FirestoreRegistrar"
152-->[com.google.firebase:firebase-firestore:24.9.1] AndroidManifest.xml:21:17-111
153                android:value="com.google.firebase.components.ComponentRegistrar" />
153-->[com.google.firebase:firebase-firestore:24.9.1] AndroidManifest.xml:22:17-82
154            <meta-data
154-->[com.google.firebase:firebase-messaging:23.3.1] AndroidManifest.xml:57:13-59:85
155                android:name="com.google.firebase.components:com.google.firebase.messaging.FirebaseMessagingKtxRegistrar"
155-->[com.google.firebase:firebase-messaging:23.3.1] AndroidManifest.xml:58:17-122
156                android:value="com.google.firebase.components.ComponentRegistrar" />
156-->[com.google.firebase:firebase-messaging:23.3.1] AndroidManifest.xml:59:17-82
157            <meta-data
157-->[com.google.firebase:firebase-messaging:23.3.1] AndroidManifest.xml:60:13-62:85
158                android:name="com.google.firebase.components:com.google.firebase.messaging.FirebaseMessagingRegistrar"
158-->[com.google.firebase:firebase-messaging:23.3.1] AndroidManifest.xml:61:17-119
159                android:value="com.google.firebase.components.ComponentRegistrar" />
159-->[com.google.firebase:firebase-messaging:23.3.1] AndroidManifest.xml:62:17-82
160            <meta-data
160-->[com.google.firebase:firebase-storage:20.3.0] AndroidManifest.xml:30:13-32:85
161                android:name="com.google.firebase.components:com.google.firebase.storage.FirebaseStorageKtxRegistrar"
161-->[com.google.firebase:firebase-storage:20.3.0] AndroidManifest.xml:31:17-118
162                android:value="com.google.firebase.components.ComponentRegistrar" />
162-->[com.google.firebase:firebase-storage:20.3.0] AndroidManifest.xml:32:17-82
163            <meta-data
163-->[com.google.firebase:firebase-storage:20.3.0] AndroidManifest.xml:33:13-35:85
164                android:name="com.google.firebase.components:com.google.firebase.storage.StorageRegistrar"
164-->[com.google.firebase:firebase-storage:20.3.0] AndroidManifest.xml:34:17-107
165                android:value="com.google.firebase.components.ComponentRegistrar" />
165-->[com.google.firebase:firebase-storage:20.3.0] AndroidManifest.xml:35:17-82
166            <meta-data
166-->[com.google.firebase:firebase-iid:21.1.0] AndroidManifest.xml:32:13-34:85
167                android:name="com.google.firebase.components:com.google.firebase.iid.Registrar"
167-->[com.google.firebase:firebase-iid:21.1.0] AndroidManifest.xml:33:17-96
168                android:value="com.google.firebase.components.ComponentRegistrar" />
168-->[com.google.firebase:firebase-iid:21.1.0] AndroidManifest.xml:34:17-82
169            <meta-data
169-->[com.google.firebase:firebase-config:21.6.0] AndroidManifest.xml:29:13-31:85
170                android:name="com.google.firebase.components:com.google.firebase.remoteconfig.FirebaseRemoteConfigKtxRegistrar"
170-->[com.google.firebase:firebase-config:21.6.0] AndroidManifest.xml:30:17-128
171                android:value="com.google.firebase.components.ComponentRegistrar" />
171-->[com.google.firebase:firebase-config:21.6.0] AndroidManifest.xml:31:17-82
172            <meta-data
172-->[com.google.firebase:firebase-config:21.6.0] AndroidManifest.xml:32:13-34:85
173                android:name="com.google.firebase.components:com.google.firebase.remoteconfig.RemoteConfigRegistrar"
173-->[com.google.firebase:firebase-config:21.6.0] AndroidManifest.xml:33:17-117
174                android:value="com.google.firebase.components.ComponentRegistrar" />
174-->[com.google.firebase:firebase-config:21.6.0] AndroidManifest.xml:34:17-82
175            <meta-data
175-->[com.google.firebase:firebase-installations:17.2.0] AndroidManifest.xml:15:13-17:85
176                android:name="com.google.firebase.components:com.google.firebase.installations.FirebaseInstallationsKtxRegistrar"
176-->[com.google.firebase:firebase-installations:17.2.0] AndroidManifest.xml:16:17-130
177                android:value="com.google.firebase.components.ComponentRegistrar" />
177-->[com.google.firebase:firebase-installations:17.2.0] AndroidManifest.xml:17:17-82
178            <meta-data
178-->[com.google.firebase:firebase-installations:17.2.0] AndroidManifest.xml:18:13-20:85
179                android:name="com.google.firebase.components:com.google.firebase.installations.FirebaseInstallationsRegistrar"
179-->[com.google.firebase:firebase-installations:17.2.0] AndroidManifest.xml:19:17-127
180                android:value="com.google.firebase.components.ComponentRegistrar" />
180-->[com.google.firebase:firebase-installations:17.2.0] AndroidManifest.xml:20:17-82
181            <meta-data
181-->[com.google.firebase:firebase-appcheck:17.1.1] AndroidManifest.xml:25:13-27:85
182                android:name="com.google.firebase.components:com.google.firebase.appcheck.FirebaseAppCheckKtxRegistrar"
182-->[com.google.firebase:firebase-appcheck:17.1.1] AndroidManifest.xml:26:17-120
183                android:value="com.google.firebase.components.ComponentRegistrar" />
183-->[com.google.firebase:firebase-appcheck:17.1.1] AndroidManifest.xml:27:17-82
184            <meta-data
184-->[com.google.firebase:firebase-appcheck:17.1.1] AndroidManifest.xml:28:13-30:85
185                android:name="com.google.firebase.components:com.google.firebase.appcheck.FirebaseAppCheckRegistrar"
185-->[com.google.firebase:firebase-appcheck:17.1.1] AndroidManifest.xml:29:17-117
186                android:value="com.google.firebase.components.ComponentRegistrar" />
186-->[com.google.firebase:firebase-appcheck:17.1.1] AndroidManifest.xml:30:17-82
187            <meta-data
187-->[com.google.firebase:firebase-common-ktx:20.4.2] AndroidManifest.xml:12:13-14:85
188                android:name="com.google.firebase.components:com.google.firebase.ktx.FirebaseCommonLegacyRegistrar"
188-->[com.google.firebase:firebase-common-ktx:20.4.2] AndroidManifest.xml:13:17-116
189                android:value="com.google.firebase.components.ComponentRegistrar" />
189-->[com.google.firebase:firebase-common-ktx:20.4.2] AndroidManifest.xml:14:17-82
190            <meta-data
190-->[com.google.firebase:firebase-common:20.4.2] AndroidManifest.xml:35:13-37:85
191                android:name="com.google.firebase.components:com.google.firebase.FirebaseCommonKtxRegistrar"
191-->[com.google.firebase:firebase-common:20.4.2] AndroidManifest.xml:36:17-109
192                android:value="com.google.firebase.components.ComponentRegistrar" />
192-->[com.google.firebase:firebase-common:20.4.2] AndroidManifest.xml:37:17-82
193            <meta-data
193-->[com.google.firebase:firebase-abt:21.1.1] AndroidManifest.xml:12:13-14:85
194                android:name="com.google.firebase.components:com.google.firebase.abt.component.AbtRegistrar"
194-->[com.google.firebase:firebase-abt:21.1.1] AndroidManifest.xml:13:17-109
195                android:value="com.google.firebase.components.ComponentRegistrar" />
195-->[com.google.firebase:firebase-abt:21.1.1] AndroidManifest.xml:14:17-82
196            <meta-data
196-->[com.google.firebase:firebase-datatransport:18.1.8] AndroidManifest.xml:27:13-29:85
197                android:name="com.google.firebase.components:com.google.firebase.datatransport.TransportRegistrar"
197-->[com.google.firebase:firebase-datatransport:18.1.8] AndroidManifest.xml:28:17-115
198                android:value="com.google.firebase.components.ComponentRegistrar" />
198-->[com.google.firebase:firebase-datatransport:18.1.8] AndroidManifest.xml:29:17-82
199        </service>
200        <service
200-->[:firebase_messaging] AndroidManifest.xml:16:9-19:72
201            android:name="io.flutter.plugins.firebase.messaging.FlutterFirebaseMessagingBackgroundService"
201-->[:firebase_messaging] AndroidManifest.xml:17:13-107
202            android:exported="false"
202-->[:firebase_messaging] AndroidManifest.xml:18:13-37
203            android:permission="android.permission.BIND_JOB_SERVICE" />
203-->[:firebase_messaging] AndroidManifest.xml:19:13-69
204        <service
204-->[:firebase_messaging] AndroidManifest.xml:20:9-26:19
205            android:name="io.flutter.plugins.firebase.messaging.FlutterFirebaseMessagingService"
205-->[:firebase_messaging] AndroidManifest.xml:21:13-97
206            android:exported="false" >
206-->[:firebase_messaging] AndroidManifest.xml:22:13-37
207            <intent-filter>
207-->[:firebase_messaging] AndroidManifest.xml:23:13-25:29
208                <action android:name="com.google.firebase.MESSAGING_EVENT" />
208-->[:firebase_messaging] AndroidManifest.xml:24:17-78
208-->[:firebase_messaging] AndroidManifest.xml:24:25-75
209            </intent-filter>
210        </service>
211
212        <receiver
212-->[:firebase_messaging] AndroidManifest.xml:28:9-35:20
213            android:name="io.flutter.plugins.firebase.messaging.FlutterFirebaseMessagingReceiver"
213-->[:firebase_messaging] AndroidManifest.xml:29:13-98
214            android:exported="true"
214-->[:firebase_messaging] AndroidManifest.xml:30:13-36
215            android:permission="com.google.android.c2dm.permission.SEND" >
215-->[:firebase_messaging] AndroidManifest.xml:31:13-73
216            <intent-filter>
216-->[:firebase_messaging] AndroidManifest.xml:32:13-34:29
217                <action android:name="com.google.android.c2dm.intent.RECEIVE" />
217-->[:firebase_messaging] AndroidManifest.xml:33:17-81
217-->[:firebase_messaging] AndroidManifest.xml:33:25-78
218            </intent-filter>
219        </receiver>
220
221        <provider
221-->[:firebase_messaging] AndroidManifest.xml:43:9-47:38
222            android:name="io.flutter.plugins.firebase.messaging.FlutterFirebaseMessagingInitProvider"
222-->[:firebase_messaging] AndroidManifest.xml:44:13-102
223            android:authorities="com.mycompany.medhealth.flutterfirebasemessaginginitprovider"
223-->[:firebase_messaging] AndroidManifest.xml:45:13-88
224            android:exported="false"
224-->[:firebase_messaging] AndroidManifest.xml:46:13-37
225            android:initOrder="99" />
225-->[:firebase_messaging] AndroidManifest.xml:47:13-35
226        <provider
226-->[:image_picker_android] AndroidManifest.xml:10:9-18:20
227            android:name="io.flutter.plugins.imagepicker.ImagePickerFileProvider"
227-->[:image_picker_android] AndroidManifest.xml:11:13-82
228            android:authorities="com.mycompany.medhealth.flutter.image_provider"
228-->[:image_picker_android] AndroidManifest.xml:12:13-74
229            android:exported="false"
229-->[:image_picker_android] AndroidManifest.xml:13:13-37
230            android:grantUriPermissions="true" >
230-->[:image_picker_android] AndroidManifest.xml:14:13-47
231            <meta-data
231-->[:image_picker_android] AndroidManifest.xml:15:13-17:75
232                android:name="android.support.FILE_PROVIDER_PATHS"
232-->[:image_picker_android] AndroidManifest.xml:16:17-67
233                android:resource="@xml/flutter_image_picker_file_paths" />
233-->[:image_picker_android] AndroidManifest.xml:17:17-72
234        </provider>
235
236        <receiver
236-->[:flutter_local_notifications] AndroidManifest.xml:16:9-18:40
237            android:name="com.dexterous.flutterlocalnotifications.ActionBroadcastReceiver"
237-->[:flutter_local_notifications] AndroidManifest.xml:17:13-91
238            android:exported="false" />
238-->[:flutter_local_notifications] AndroidManifest.xml:18:13-37
239        <receiver
239-->[:flutter_local_notifications] AndroidManifest.xml:19:9-21:40
240            android:name="com.dexterous.flutterlocalnotifications.ScheduledNotificationReceiver"
240-->[:flutter_local_notifications] AndroidManifest.xml:20:13-97
241            android:exported="false" />
241-->[:flutter_local_notifications] AndroidManifest.xml:21:13-37
242        <receiver
242-->[:flutter_local_notifications] AndroidManifest.xml:22:9-31:20
243            android:name="com.dexterous.flutterlocalnotifications.ScheduledNotificationBootReceiver"
243-->[:flutter_local_notifications] AndroidManifest.xml:23:13-101
244            android:exported="false" >
244-->[:flutter_local_notifications] AndroidManifest.xml:24:13-37
245            <intent-filter>
245-->[:flutter_local_notifications] AndroidManifest.xml:25:13-30:29
246                <action android:name="android.intent.action.BOOT_COMPLETED" />
246-->[:flutter_local_notifications] AndroidManifest.xml:26:17-79
246-->[:flutter_local_notifications] AndroidManifest.xml:26:25-76
247                <action android:name="android.intent.action.MY_PACKAGE_REPLACED" />
247-->[:flutter_local_notifications] AndroidManifest.xml:27:17-84
247-->[:flutter_local_notifications] AndroidManifest.xml:27:25-81
248                <action android:name="android.intent.action.QUICKBOOT_POWERON" />
248-->[:flutter_local_notifications] AndroidManifest.xml:28:17-82
248-->[:flutter_local_notifications] AndroidManifest.xml:28:25-79
249                <action android:name="com.htc.intent.action.QUICKBOOT_POWERON" />
249-->[:flutter_local_notifications] AndroidManifest.xml:29:17-82
249-->[:flutter_local_notifications] AndroidManifest.xml:29:25-79
250            </intent-filter>
251        </receiver>
252
253        <activity
253-->[:url_launcher_android] AndroidManifest.xml:10:9-13:74
254            android:name="io.flutter.plugins.urllauncher.WebViewActivity"
254-->[:url_launcher_android] AndroidManifest.xml:11:13-74
255            android:exported="false"
255-->[:url_launcher_android] AndroidManifest.xml:12:13-37
256            android:theme="@android:style/Theme.NoTitleBar.Fullscreen" />
256-->[:url_launcher_android] AndroidManifest.xml:13:13-71
257
258        <service
258-->[com.google.firebase:firebase-sessions:1.2.0] AndroidManifest.xml:22:9-25:40
259            android:name="com.google.firebase.sessions.SessionLifecycleService"
259-->[com.google.firebase:firebase-sessions:1.2.0] AndroidManifest.xml:23:13-80
260            android:enabled="true"
260-->[com.google.firebase:firebase-sessions:1.2.0] AndroidManifest.xml:24:13-35
261            android:exported="false" />
261-->[com.google.firebase:firebase-sessions:1.2.0] AndroidManifest.xml:25:13-37
262
263        <activity
263-->[com.google.firebase:firebase-auth:22.3.0] AndroidManifest.xml:29:9-46:20
264            android:name="com.google.firebase.auth.internal.GenericIdpActivity"
264-->[com.google.firebase:firebase-auth:22.3.0] AndroidManifest.xml:30:13-80
265            android:excludeFromRecents="true"